<?xml version="1.0" encoding="UTF-8"?>
<!-- Generated by org.testng.reporters.JUnitReportReporter -->
<testsuite hostname="LAPTOP-8PAA0CNP" failures="0" tests="1" name="com_actitime_Test.Demo" time="20.803" errors="0" timestamp="2021-05-26T10:09:01 IST" skipped="0">
  <testcase classname="com_actitime_Test.Demo" name="check" time="20.803"/>
  <system-out/>
</testsuite> <!-- com_actitime_Test.Demo -->
