<?xml version="1.0" encoding="UTF-8"?>
<!-- Generated by org.testng.reporters.JUnitReportReporter -->
<testsuite hostname="LAPTOP-8PAA0CNP" failures="0" tests="1" name="com_actitime_Test.ValidLoginLogout" time="23.657" errors="0" timestamp="2021-05-26T23:16:20 IST" skipped="0">
  <testcase classname="com_actitime_Test.ValidLoginLogout" name="TC01" time="23.657"/>
  <system-out/>
</testsuite> <!-- com_actitime_Test.ValidLoginLogout -->
